{"F:\\pros\\book\\codes\\istanbul\\index.js":{"path":"F:\\pros\\book\\codes\\istanbul\\index.js","s":{"1":1,"2":1,"3":1,"4":1,"5":1},"b":{"1":[1,0],"2":[1,0]},"f":{"1":1},"fnMap":{"1":{"name":"add","line":1,"loc":{"start":{"line":1,"column":0},"end":{"line":1,"column":19}}}},"statementMap":{"1":{"start":{"line":1,"column":0},"end":{"line":5,"column":1}},"2":{"start":{"line":2,"column":2},"end":{"line":2,"column":13}},"3":{"start":{"line":3,"column":2},"end":{"line":3,"column":13}},"4":{"start":{"line":4,"column":2},"end":{"line":4,"column":15}},"5":{"start":{"line":6,"column":0},"end":{"line":6,"column":10}}},"branchMap":{"1":{"line":2,"type":"binary-expr","locations":[{"start":{"line":2,"column":6},"end":{"line":2,"column":7}},{"start":{"line":2,"column":11},"end":{"line":2,"column":12}}]},"2":{"line":3,"type":"binary-expr","locations":[{"start":{"line":3,"column":6},"end":{"line":3,"column":7}},{"start":{"line":3,"column":11},"end":{"line":3,"column":12}}]}}}}