{"/Users/dailiang/Documents/Book/demos/12/12.7/demos/src/app.js":{"path":"/Users/dailiang/Documents/Book/demos/12/12.7/demos/src/app.js","s":{"1":1,"2":1,"3":1,"4":1,"5":1,"6":1,"7":1,"8":3,"9":3,"10":1,"11":1,"12":1,"13":0,"14":0,"15":0,"16":1,"17":1,"18":1,"19":1,"20":0,"21":0,"22":0,"23":0,"24":6,"25":6,"26":8,"27":6,"28":1},"b":{"1":[1,1],"2":[8,0],"3":[0,0]},"f":{"1":1,"2":3,"3":1,"4":0,"5":1,"6":0,"7":0,"8":6},"fnMap":{"1":{"name":"(anonymous_1)","line":10,"loc":{"start":{"line":10,"column":15},"end":{"line":10,"column":15}}},"2":{"name":"(anonymous_2)","line":20,"loc":{"start":{"line":20,"column":11},"end":{"line":20,"column":29}}},"3":{"name":"(anonymous_3)","line":32,"loc":{"start":{"line":32,"column":19},"end":{"line":32,"column":25}}},"4":{"name":"(anonymous_4)","line":37,"loc":{"start":{"line":37,"column":19},"end":{"line":37,"column":32}}},"5":{"name":"(anonymous_5)","line":42,"loc":{"start":{"line":42,"column":14},"end":{"line":42,"column":20}}},"6":{"name":"(anonymous_6)","line":48,"loc":{"start":{"line":48,"column":19},"end":{"line":48,"column":26}}},"7":{"name":"(anonymous_7)","line":52,"loc":{"start":{"line":52,"column":20},"end":{"line":52,"column":28}}},"8":{"name":"(anonymous_8)","line":53,"loc":{"start":{"line":53,"column":10},"end":{"line":53,"column":10}}}},"statementMap":{"1":{"start":{"line":1,"column":0},"end":{"line":null,"column":null}},"2":{"start":{"line":2,"column":0},"end":{"line":null,"column":null}},"3":{"start":{"line":3,"column":0},"end":{"line":null,"column":null}},"4":{"start":{"line":4,"column":0},"end":{"line":null,"column":null}},"5":{"start":{"line":5,"column":0},"end":{"line":null,"column":null}},"6":{"start":{"line":0,"column":0},"end":{"line":0,"column":0},"skip":true},"7":{"start":{"line":13,"column":7},"end":{"line":null,"column":null}},"8":{"start":{"line":22,"column":7},"end":{"line":null,"column":null}},"9":{"start":{"line":29,"column":11},"end":{"line":22,"column":2}},"10":{"start":{"line":33,"column":7},"end":{"line":null,"column":null}},"11":{"start":{"line":34,"column":7},"end":{"line":null,"column":null}},"12":{"start":{"line":34,"column":26},"end":{"line":34,"column":2}},"13":{"start":{"line":38,"column":7},"end":{"line":null,"column":null}},"14":{"start":{"line":39,"column":7},"end":{"line":null,"column":null}},"15":{"start":{"line":39,"column":26},"end":{"line":39,"column":2}},"16":{"start":{"line":43,"column":6},"end":{"line":null,"column":null}},"17":{"start":{"line":44,"column":8},"end":{"line":null,"column":null}},"18":{"start":{"line":45,"column":7},"end":{"line":null,"column":null}},"19":{"start":{"line":45,"column":40},"end":{"line":45,"column":2}},"20":{"start":{"line":49,"column":7},"end":{"line":null,"column":null}},"21":{"start":{"line":49,"column":40},"end":{"line":49,"column":2}},"22":{"start":{"line":52,"column":35},"end":{"line":null,"column":null}},"23":{"start":{"line":52,"column":62},"end":{"line":52,"column":30}},"24":{"start":{"line":54,"column":6},"end":{"line":null,"column":null}},"25":{"start":{"line":56,"column":6},"end":{"line":null,"column":null}},"26":{"start":{"line":57,"column":10},"end":{"line":null,"column":null}},"27":{"start":{"line":60,"column":3},"end":{"line":null,"column":null}},"28":{"start":{"line":73,"column":0},"end":{"line":null,"column":null}}},"branchMap":{"1":{"line":13,"type":"binary-expr","locations":[{"start":{"line":13,"column":15},"end":{"line":13,"column":29}},{"start":{"line":13,"column":29},"end":{"line":13,"column":2}}]},"2":{"line":57,"type":"cond-expr","locations":[{"start":{"line":57,"column":28},"end":{"line":57,"column":10}},{"start":{"line":57,"column":35},"end":{"line":57,"column":3}}]},"3":{"line":57,"type":"cond-expr","locations":[{"start":{"line":57,"column":54},"end":{"line":57,"column":35}},{"start":{"line":57,"column":66},"end":{"line":57,"column":3}}]}}},"/Users/dailiang/Documents/Book/demos/12/12.7/demos/src/util.js":{"path":"/Users/dailiang/Documents/Book/demos/12/12.7/demos/src/util.js","s":{"1":1,"2":1,"3":1,"4":1,"5":1,"6":5,"7":5,"8":0,"9":1,"10":6,"11":3,"12":1,"13":16,"14":1},"b":{"1":[0,3],"2":[8,8]},"f":{"1":1,"2":5,"3":6,"4":16},"fnMap":{"1":{"name":"loadData","line":1,"loc":{"start":{"line":1,"column":0},"end":{"line":1,"column":20}}},"2":{"name":"saveData","line":9,"loc":{"start":{"line":9,"column":0},"end":{"line":9,"column":24}}},"3":{"name":"sortArrayByProp","line":18,"loc":{"start":{"line":18,"column":0},"end":{"line":18,"column":53}}},"4":{"name":"fillZero","line":22,"loc":{"start":{"line":22,"column":0},"end":{"line":22,"column":23}}}},"statementMap":{"1":{"start":{"line":1,"column":0},"end":{"line":null,"column":null}},"2":{"start":{"line":2,"column":5},"end":{"line":null,"column":null}},"3":{"start":{"line":3,"column":9},"end":{"line":null,"column":null}},"4":{"start":{"line":6,"column":9},"end":{"line":null,"column":null}},"5":{"start":{"line":9,"column":0},"end":{"line":null,"column":null}},"6":{"start":{"line":10,"column":5},"end":{"line":null,"column":null}},"7":{"start":{"line":11,"column":9},"end":{"line":null,"column":null}},"8":{"start":{"line":13,"column":10},"end":{"line":null,"column":null}},"9":{"start":{"line":18,"column":0},"end":{"line":null,"column":null}},"10":{"start":{"line":19,"column":8},"end":{"line":null,"column":null}},"11":{"start":{"line":19,"column":27},"end":{"line":19,"column":8}},"12":{"start":{"line":22,"column":0},"end":{"line":null,"column":null}},"13":{"start":{"line":23,"column":8},"end":{"line":null,"column":null}},"14":{"start":{"line":26,"column":0},"end":{"line":null,"column":null}}},"branchMap":{"1":{"line":19,"type":"cond-expr","locations":[{"start":{"line":19,"column":37},"end":{"line":19,"column":27}},{"start":{"line":19,"column":57},"end":{"line":19,"column":8}}]},"2":{"line":23,"type":"cond-expr","locations":[{"start":{"line":23,"column":34},"end":{"line":23,"column":8}},{"start":{"line":23,"column":46},"end":{"line":23,"column":1}}]}}},"/Users/dailiang/Documents/Book/demos/12/12.7/demos/src/header.js":{"path":"/Users/dailiang/Documents/Book/demos/12/12.7/demos/src/header.js","s":{"1":1,"2":1,"3":1,"4":1,"5":4,"6":4,"7":4,"8":4,"9":3,"10":3,"11":3,"12":3,"13":3,"14":15,"15":0,"16":0,"17":0,"18":0,"19":0,"20":1},"b":{},"f":{"1":1,"2":4,"3":3,"4":3,"5":3,"6":3,"7":15},"fnMap":{"1":{"name":"(anonymous_1)","line":6,"loc":{"start":{"line":6,"column":15},"end":{"line":6,"column":15}}},"2":{"name":"(anonymous_2)","line":11,"loc":{"start":{"line":11,"column":20},"end":{"line":11,"column":20}}},"3":{"name":"(anonymous_3)","line":20,"loc":{"start":{"line":20,"column":18},"end":{"line":20,"column":21}}},"4":{"name":"(anonymous_4)","line":22,"loc":{"start":{"line":22,"column":18},"end":{"line":22,"column":21}}},"5":{"name":"(anonymous_5)","line":24,"loc":{"start":{"line":24,"column":18},"end":{"line":24,"column":21}}},"6":{"name":"(anonymous_6)","line":26,"loc":{"start":{"line":26,"column":13},"end":{"line":26,"column":13}}},"7":{"name":"(anonymous_7)","line":30,"loc":{"start":{"line":30,"column":10},"end":{"line":30,"column":10}}}},"statementMap":{"1":{"start":{"line":1,"column":0},"end":{"line":null,"column":null}},"2":{"start":{"line":2,"column":0},"end":{"line":null,"column":null}},"3":{"start":{"line":0,"column":0},"end":{"line":0,"column":0},"skip":true},"4":{"start":{"line":8,"column":7},"end":{"line":null,"column":null}},"5":{"start":{"line":12,"column":6},"end":{"line":null,"column":null}},"6":{"start":{"line":14,"column":6},"end":{"line":null,"column":null}},"7":{"start":{"line":16,"column":6},"end":{"line":null,"column":null}},"8":{"start":{"line":17,"column":9},"end":{"line":null,"column":null}},"9":{"start":{"line":20,"column":28},"end":{"line":null,"column":null}},"10":{"start":{"line":22,"column":28},"end":{"line":null,"column":null}},"11":{"start":{"line":24,"column":28},"end":{"line":null,"column":null}},"12":{"start":{"line":27,"column":7},"end":{"line":null,"column":null}},"13":{"start":{"line":28,"column":7},"end":{"line":null,"column":null}},"14":{"start":{"line":32,"column":3},"end":{"line":null,"column":null}},"15":{"start":{"line":46,"column":26},"end":{"line":46,"column":5}},"16":{"start":{"line":47,"column":26},"end":{"line":47,"column":5}},"17":{"start":{"line":49,"column":26},"end":{"line":49,"column":5}},"18":{"start":{"line":50,"column":26},"end":{"line":50,"column":5}},"19":{"start":{"line":51,"column":26},"end":{"line":51,"column":5}},"20":{"start":{"line":57,"column":0},"end":{"line":null,"column":null}}},"branchMap":{}},"/Users/dailiang/Documents/Book/demos/12/12.7/demos/src/todoList.js":{"path":"/Users/dailiang/Documents/Book/demos/12/12.7/demos/src/todoList.js","s":{"1":1,"2":1,"3":6,"4":8,"5":6,"6":1},"b":{},"f":{},"fnMap":{},"statementMap":{"1":{"start":{"line":1,"column":0},"end":{"line":null,"column":null}},"2":{"start":{"line":3,"column":0},"end":{"line":null,"column":null}},"3":{"start":{"line":5,"column":5},"end":{"line":null,"column":null}},"4":{"start":{"line":6,"column":2},"end":{"line":5,"column":16}},"5":{"start":{"line":10,"column":2},"end":{"line":null,"column":null}},"6":{"start":{"line":17,"column":0},"end":{"line":null,"column":null}}},"branchMap":{}},"/Users/dailiang/Documents/Book/demos/12/12.7/demos/src/memo.js":{"path":"/Users/dailiang/Documents/Book/demos/12/12.7/demos/src/memo.js","s":{"1":1,"2":11,"3":11,"4":11,"5":2,"6":1,"7":2,"8":1},"b":{"1":[2,9]},"f":{},"fnMap":{},"statementMap":{"1":{"start":{"line":2,"column":0},"end":{"line":null,"column":null}},"2":{"start":{"line":3,"column":5},"end":{"line":null,"column":null}},"3":{"start":{"line":5,"column":5},"end":{"line":null,"column":null}},"4":{"start":{"line":7,"column":2},"end":{"line":null,"column":null}},"5":{"start":{"line":9,"column":20},"end":{"line":8,"column":3}},"6":{"start":{"line":11,"column":21},"end":{"line":10,"column":3}},"7":{"start":{"line":14,"column":19},"end":{"line":13,"column":3}},"8":{"start":{"line":20,"column":0},"end":{"line":null,"column":null}}},"branchMap":{"1":{"line":5,"type":"cond-expr","locations":[{"start":{"line":5,"column":45},"end":{"line":5,"column":33}},{"start":{"line":5,"column":55},"end":{"line":5,"column":18}}]}}}}