TN:
SF:/Users/dailiang/Documents/Book/demos/12/12.7/demos/src/app.js
FN:10,(anonymous_1)
FN:20,(anonymous_2)
FN:32,(anonymous_3)
FN:37,(anonymous_4)
FN:42,(anonymous_5)
FN:48,(anonymous_6)
FN:52,(anonymous_7)
FN:53,(anonymous_8)
FNF:8
FNH:5
FNDA:1,(anonymous_1)
FNDA:3,(anonymous_2)
FNDA:1,(anonymous_3)
FNDA:0,(anonymous_4)
FNDA:1,(anonymous_5)
FNDA:0,(anonymous_6)
FNDA:0,(anonymous_7)
FNDA:6,(anonymous_8)
DA:1,1
DA:2,1
DA:3,1
DA:4,1
DA:5,1
DA:13,1
DA:22,3
DA:29,3
DA:33,1
DA:34,1
DA:38,0
DA:39,0
DA:43,1
DA:44,1
DA:45,1
DA:49,0
DA:52,0
DA:54,6
DA:56,6
DA:57,8
DA:60,6
DA:73,1
LF:22
LH:18
BRDA:13,1,0,1
BRDA:13,1,1,1
BRDA:57,2,0,8
BRDA:57,2,1,0
BRDA:57,3,0,0
BRDA:57,3,1,0
BRF:6
BRH:3
end_of_record
TN:
SF:/Users/dailiang/Documents/Book/demos/12/12.7/demos/src/util.js
FN:1,loadData
FN:9,saveData
FN:18,sortArrayByProp
FN:22,fillZero
FNF:4
FNH:4
FNDA:1,loadData
FNDA:5,saveData
FNDA:6,sortArrayByProp
FNDA:16,fillZero
DA:1,1
DA:2,1
DA:3,1
DA:6,1
DA:9,1
DA:10,5
DA:11,5
DA:13,0
DA:18,1
DA:19,6
DA:22,1
DA:23,16
DA:26,1
LF:13
LH:12
BRDA:19,1,0,0
BRDA:19,1,1,3
BRDA:23,2,0,8
BRDA:23,2,1,8
BRF:4
BRH:3
end_of_record
TN:
SF:/Users/dailiang/Documents/Book/demos/12/12.7/demos/src/header.js
FN:6,(anonymous_1)
FN:11,(anonymous_2)
FN:20,(anonymous_3)
FN:22,(anonymous_4)
FN:24,(anonymous_5)
FN:26,(anonymous_6)
FN:30,(anonymous_7)
FNF:7
FNH:7
FNDA:1,(anonymous_1)
FNDA:4,(anonymous_2)
FNDA:3,(anonymous_3)
FNDA:3,(anonymous_4)
FNDA:3,(anonymous_5)
FNDA:3,(anonymous_6)
FNDA:15,(anonymous_7)
DA:1,1
DA:2,1
DA:8,1
DA:12,4
DA:14,4
DA:16,4
DA:17,4
DA:20,3
DA:22,3
DA:24,3
DA:27,3
DA:28,3
DA:32,15
DA:46,0
DA:47,0
DA:49,0
DA:50,0
DA:51,0
DA:57,1
LF:19
LH:14
BRF:0
BRH:0
end_of_record
TN:
SF:/Users/dailiang/Documents/Book/demos/12/12.7/demos/src/todoList.js
FNF:0
FNH:0
DA:1,1
DA:3,1
DA:5,6
DA:6,8
DA:10,6
DA:17,1
LF:6
LH:6
BRF:0
BRH:0
end_of_record
TN:
SF:/Users/dailiang/Documents/Book/demos/12/12.7/demos/src/memo.js
FNF:0
FNH:0
DA:2,1
DA:3,11
DA:5,11
DA:7,11
DA:9,2
DA:11,1
DA:14,2
DA:20,1
LF:8
LH:8
BRDA:5,1,0,2
BRDA:5,1,1,9
BRF:2
BRH:2
end_of_record
